<?xml version="1.0" encoding="UTF-8"?>
<testsuite xmlns:xsi="http://www.w3.org/2001/XMLSchema-instance" xsi:noNamespaceSchemaLocation="https://maven.apache.org/surefire/maven-surefire-plugin/xsd/surefire-test-report-3.0.xsd" version="3.0" name="com.smartcampus.controllers.TicketControllerTest" time="0.329" tests="1" errors="0" skipped="0" failures="0">
  <properties>
[...]
</properties>
  <testcase name="testGetMyTickets" classname="com.smartcampus.controllers.TicketControllerTest" time="0.007">
    <system-out><![CDATA[2026-04-24T12:48:42.946+05:30  INFO 13276 --- [backend] [           main] t.c.s.AnnotationConfigContextLoaderUtils : Could not detect default configuration classes for test class [com.smartcampus.controllers.TicketControllerTest]: TicketControllerTest does not declare any static, non-private, non-final, nested classes annotated with @Configuration.
2026-04-24T12:48:42.952+05:30  INFO 13276 --- [backend] [           main] .b.t.c.SpringBootTestContextBootstrapper : Found @SpringBootConfiguration com.smartcampus.BackendApplication for test class com.smartcampus.controllers.TicketControllerTest
2026-04-24T12:48:42.954+05:30  INFO 13276 --- [backend] [           main] o.s.b.d.r.RestartApplicationListener     : Restart disabled due to context in which it is running

  .   ____          _            __ _ _
 /\\ / ___'_ __ _ _(_)_ __  __ _ \ \ \ \
( ( )\___ | '_ | '_| | '_ \/ _` | \ \ \ \
 \\/  ___)| |_)| | | | | || (_| |  ) ) ) )
  '  |____| .__|_| |_|_| |_\__, | / / / /
 =========|_|==============|___/=/_/_/_/

 :: Spring Boot ::                (v3.3.2)

2026-04-24T12:48:42.967+05:30  INFO 13276 --- [backend] [           main] c.s.controllers.TicketControllerTest     : Starting TicketControllerTest using Java 22.0.1 with PID 13276 (started by ACER in D:\GitHub\Smart_Campus_operation_Hub-Megabyte_Crew-Updated-\backend)
2026-04-24T12:48:42.968+05:30 DEBUG 13276 --- [backend] [           main] c.s.controllers.TicketControllerTest     : Running with Spring Boot v3.3.2, Spring v6.1.11
2026-04-24T12:48:42.968+05:30  INFO 13276 --- [backend] [           main] c.s.controllers.TicketControllerTest     : No active profile set, falling back to 1 default profile: "default"
2026-04-24T12:48:43.256+05:30  INFO 13276 --- [backend] [           main] o.s.b.t.m.w.SpringBootMockServletContext : Initializing Spring TestDispatcherServlet ''
2026-04-24T12:48:43.256+05:30  INFO 13276 --- [backend] [           main] o.s.t.web.servlet.TestDispatcherServlet  : Initializing Servlet ''
2026-04-24T12:48:43.257+05:30  INFO 13276 --- [backend] [           main] o.s.t.web.servlet.TestDispatcherServlet  : Completed initialization in 1 ms
2026-04-24T12:48:43.263+05:30  INFO 13276 --- [backend] [           main] c.s.controllers.TicketControllerTest     : Started TicketControllerTest in 0.309 seconds (process running for 6.072)
]]></system-out>
  </testcase>
</testsuite>